<?xml version="1.0" encoding="UTF-8"?>
<coverage generated="1580736408835" clover="3.2.0">
  <project timestamp="1580736408835" name="All files">
    <metrics statements="22" coveredstatements="10" conditionals="5" coveredconditionals="0" methods="5" coveredmethods="2" elements="32" coveredelements="12" complexity="0" loc="22" ncloc="22" packages="2" files="3" classes="3"/>
    <package name="paymentCalculator">
      <metrics statements="21" coveredstatements="9" conditionals="5" coveredconditionals="0" methods="5" coveredmethods="2"/>
      <file name="CustomizeBar.jsx" path="/Users/robertlopez/Desktop/Bluefin-Mortgage-Service/client/src/mortgageComponents/paymentCalculator/CustomizeBar.jsx">
        <metrics statements="3" coveredstatements="3" conditionals="0" coveredconditionals="0" methods="1" coveredmethods="1"/>
        <line num="6" count="1" type="stmt"/>
        <line num="16" count="1" type="stmt"/>
        <line num="17" count="2" type="stmt"/>
      </file>
      <file name="PaymentCalculator.jsx" path="/Users/robertlopez/Desktop/Bluefin-Mortgage-Service/client/src/mortgageComponents/paymentCalculator/PaymentCalculator.jsx">
        <metrics statements="18" coveredstatements="6" conditionals="5" coveredconditionals="0" methods="4" coveredmethods="1"/>
        <line num="22" count="1" type="stmt"/>
        <line num="26" count="2" type="stmt"/>
        <line num="27" count="2" type="stmt"/>
        <line num="28" count="2" type="stmt"/>
        <line num="29" count="2" type="stmt"/>
        <line num="31" count="2" type="stmt"/>
        <line num="40" count="0" type="stmt"/>
        <line num="41" count="0" type="cond" truecount="0" falsecount="3"/>
        <line num="43" count="0" type="stmt"/>
        <line num="44" count="0" type="stmt"/>
        <line num="46" count="0" type="stmt"/>
        <line num="47" count="0" type="stmt"/>
        <line num="49" count="0" type="stmt"/>
        <line num="50" count="0" type="stmt"/>
        <line num="52" count="0" type="stmt"/>
        <line num="63" count="0" type="cond" truecount="0" falsecount="2"/>
        <line num="64" count="0" type="stmt"/>
        <line num="72" count="0" type="stmt"/>
      </file>
    </package>
    <package name="paymentCalculator.paymentStyles">
      <metrics statements="1" coveredstatements="1" conditionals="0" coveredconditionals="0" methods="0" coveredmethods="0"/>
      <file name="PaymentBar.jsx" path="/Users/robertlopez/Desktop/Bluefin-Mortgage-Service/client/src/mortgageComponents/paymentCalculator/paymentStyles/PaymentBar.jsx">
        <metrics statements="1" coveredstatements="1" conditionals="0" coveredconditionals="0" methods="0" coveredmethods="0"/>
        <line num="3" count="1" type="stmt"/>
      </file>
    </package>
  </project>
</coverage>
