<?xml version="1.0" encoding="UTF-8"?>
<coverage generated="1580605680325" clover="3.2.0">
  <project timestamp="1580605680325" name="All files">
    <metrics statements="119" coveredstatements="93" conditionals="16" coveredconditionals="15" methods="33" coveredmethods="26" elements="168" coveredelements="134" complexity="0" loc="119" ncloc="119" packages="7" files="21" classes="21"/>
    <package name="mortgageComponents">
      <metrics statements="17" coveredstatements="11" conditionals="0" coveredconditionals="0" methods="5" coveredmethods="4"/>
      <file name="App.jsx" path="/Users/robertlopez/Desktop/Bluefin-Mortgage-Service/client/src/mortgageComponents/App.jsx">
        <metrics statements="17" coveredstatements="11" conditionals="0" coveredconditionals="0" methods="5" coveredmethods="4"/>
        <line num="13" count="1" type="stmt"/>
        <line num="14" count="1" type="stmt"/>
        <line num="15" count="1" type="stmt"/>
        <line num="23" count="1" type="stmt"/>
        <line num="27" count="1" type="stmt"/>
        <line num="28" count="1" type="stmt"/>
        <line num="29" count="1" type="stmt"/>
        <line num="31" count="0" type="stmt"/>
        <line num="32" count="0" type="stmt"/>
        <line num="33" count="0" type="stmt"/>
        <line num="34" count="0" type="stmt"/>
        <line num="35" count="0" type="stmt"/>
        <line num="36" count="0" type="stmt"/>
        <line num="46" count="1" type="stmt"/>
        <line num="57" count="2" type="stmt"/>
        <line num="59" count="2" type="stmt"/>
        <line num="76" count="1" type="stmt"/>
      </file>
    </package>
    <package name="mortgageComponents.ads">
      <metrics statements="24" coveredstatements="21" conditionals="6" coveredconditionals="5" methods="11" coveredmethods="9"/>
      <file name="Ad.jsx" path="/Users/robertlopez/Desktop/Bluefin-Mortgage-Service/client/src/mortgageComponents/ads/Ad.jsx">
        <metrics statements="8" coveredstatements="7" conditionals="6" coveredconditionals="5" methods="3" coveredmethods="3"/>
        <line num="17" count="3" type="stmt"/>
        <line num="22" count="9" type="stmt"/>
        <line num="23" count="9" type="stmt"/>
        <line num="24" count="1" type="cond" truecount="1" falsecount="1"/>
        <line num="25" count="0" type="stmt"/>
        <line num="27" count="1" type="stmt"/>
        <line num="31" count="9" type="stmt"/>
        <line num="33" count="1" type="stmt"/>
      </file>
      <file name="AdList.jsx" path="/Users/robertlopez/Desktop/Bluefin-Mortgage-Service/client/src/mortgageComponents/ads/AdList.jsx">
        <metrics statements="11" coveredstatements="9" conditionals="0" coveredconditionals="0" methods="7" coveredmethods="5"/>
        <line num="13" count="4" type="stmt"/>
        <line num="14" count="4" type="stmt"/>
        <line num="17" count="4" type="stmt"/>
        <line num="23" count="0" type="stmt"/>
        <line num="30" count="1" type="stmt"/>
        <line num="36" count="0" type="stmt"/>
        <line num="40" count="10" type="stmt"/>
        <line num="41" count="10" type="stmt"/>
        <line num="42" count="32" type="stmt"/>
        <line num="43" count="10" type="stmt"/>
        <line num="49" count="11" type="stmt"/>
      </file>
      <file name="ContactButton.jsx" path="/Users/robertlopez/Desktop/Bluefin-Mortgage-Service/client/src/mortgageComponents/ads/ContactButton.jsx">
        <metrics statements="5" coveredstatements="5" conditionals="0" coveredconditionals="0" methods="1" coveredmethods="1"/>
        <line num="6" count="3" type="stmt"/>
        <line num="16" count="3" type="stmt"/>
        <line num="18" count="3" type="stmt"/>
        <line num="22" count="3" type="stmt"/>
        <line num="23" count="3" type="stmt"/>
      </file>
    </package>
    <package name="mortgageComponents.ads.AdStyles">
      <metrics statements="13" coveredstatements="13" conditionals="0" coveredconditionals="0" methods="2" coveredmethods="2"/>
      <file name="APR.jsx" path="/Users/robertlopez/Desktop/Bluefin-Mortgage-Service/client/src/mortgageComponents/ads/AdStyles/APR.jsx">
        <metrics statements="2" coveredstatements="2" conditionals="0" coveredconditionals="0" methods="0" coveredmethods="0"/>
        <line num="3" count="3" type="stmt"/>
        <line num="8" count="3" type="stmt"/>
      </file>
      <file name="BankRateCard.jsx" path="/Users/robertlopez/Desktop/Bluefin-Mortgage-Service/client/src/mortgageComponents/ads/AdStyles/BankRateCard.jsx">
        <metrics statements="3" coveredstatements="3" conditionals="0" coveredconditionals="0" methods="2" coveredmethods="2"/>
        <line num="3" count="8" type="stmt"/>
        <line num="11" count="8" type="stmt"/>
        <line num="14" count="3" type="stmt"/>
      </file>
      <file name="Bold.jsx" path="/Users/robertlopez/Desktop/Bluefin-Mortgage-Service/client/src/mortgageComponents/ads/AdStyles/Bold.jsx">
        <metrics statements="2" coveredstatements="2" conditionals="0" coveredconditionals="0" methods="0" coveredmethods="0"/>
        <line num="3" count="3" type="stmt"/>
        <line num="7" count="3" type="stmt"/>
      </file>
      <file name="InterestRate.jsx" path="/Users/robertlopez/Desktop/Bluefin-Mortgage-Service/client/src/mortgageComponents/ads/AdStyles/InterestRate.jsx">
        <metrics statements="2" coveredstatements="2" conditionals="0" coveredconditionals="0" methods="0" coveredmethods="0"/>
        <line num="3" count="3" type="stmt"/>
        <line num="8" count="3" type="stmt"/>
      </file>
      <file name="LenderInfo.jsx" path="/Users/robertlopez/Desktop/Bluefin-Mortgage-Service/client/src/mortgageComponents/ads/AdStyles/LenderInfo.jsx">
        <metrics statements="2" coveredstatements="2" conditionals="0" coveredconditionals="0" methods="0" coveredmethods="0"/>
        <line num="3" count="3" type="stmt"/>
        <line num="17" count="3" type="stmt"/>
      </file>
      <file name="Seller.jsx" path="/Users/robertlopez/Desktop/Bluefin-Mortgage-Service/client/src/mortgageComponents/ads/AdStyles/Seller.jsx">
        <metrics statements="2" coveredstatements="2" conditionals="0" coveredconditionals="0" methods="0" coveredmethods="0"/>
        <line num="3" count="3" type="stmt"/>
        <line num="7" count="3" type="stmt"/>
      </file>
    </package>
    <package name="mortgageComponents.ads.input">
      <metrics statements="7" coveredstatements="6" conditionals="0" coveredconditionals="0" methods="2" coveredmethods="1"/>
      <file name="CustomSelect.jsx" path="/Users/robertlopez/Desktop/Bluefin-Mortgage-Service/client/src/mortgageComponents/ads/input/CustomSelect.jsx">
        <metrics statements="3" coveredstatements="3" conditionals="0" coveredconditionals="0" methods="0" coveredmethods="0"/>
        <line num="3" count="3" type="stmt"/>
        <line num="10" count="3" type="stmt"/>
        <line num="23" count="3" type="stmt"/>
      </file>
      <file name="InputGrid.jsx" path="/Users/robertlopez/Desktop/Bluefin-Mortgage-Service/client/src/mortgageComponents/ads/input/InputGrid.jsx">
        <metrics statements="1" coveredstatements="1" conditionals="0" coveredconditionals="0" methods="0" coveredmethods="0"/>
        <line num="3" count="3" type="stmt"/>
      </file>
      <file name="LoanInput.jsx" path="/Users/robertlopez/Desktop/Bluefin-Mortgage-Service/client/src/mortgageComponents/ads/input/LoanInput.jsx">
        <metrics statements="3" coveredstatements="2" conditionals="0" coveredconditionals="0" methods="2" coveredmethods="1"/>
        <line num="5" count="3" type="stmt"/>
        <line num="6" count="6" type="stmt"/>
        <line num="9" count="0" type="stmt"/>
      </file>
    </package>
    <package name="mortgageComponents.ads.slider">
      <metrics statements="4" coveredstatements="4" conditionals="0" coveredconditionals="0" methods="0" coveredmethods="0"/>
      <file name="Slider.jsx" path="/Users/robertlopez/Desktop/Bluefin-Mortgage-Service/client/src/mortgageComponents/ads/slider/Slider.jsx">
        <metrics statements="2" coveredstatements="2" conditionals="0" coveredconditionals="0" methods="0" coveredmethods="0"/>
        <line num="3" count="2" type="stmt"/>
        <line num="11" count="2" type="stmt"/>
      </file>
      <file name="SliderBox.jsx" path="/Users/robertlopez/Desktop/Bluefin-Mortgage-Service/client/src/mortgageComponents/ads/slider/SliderBox.jsx">
        <metrics statements="2" coveredstatements="2" conditionals="0" coveredconditionals="0" methods="0" coveredmethods="0"/>
        <line num="3" count="2" type="stmt"/>
        <line num="11" count="2" type="stmt"/>
      </file>
    </package>
    <package name="mortgageComponents.paymentCalculator">
      <metrics statements="45" coveredstatements="29" conditionals="10" coveredconditionals="10" methods="11" coveredmethods="8"/>
      <file name="PaymentCalculator.jsx" path="/Users/robertlopez/Desktop/Bluefin-Mortgage-Service/client/src/mortgageComponents/paymentCalculator/PaymentCalculator.jsx">
        <metrics statements="2" coveredstatements="2" conditionals="0" coveredconditionals="0" methods="1" coveredmethods="1"/>
        <line num="8" count="1" type="stmt"/>
        <line num="10" count="2" type="stmt"/>
      </file>
      <file name="PaymentInput.jsx" path="/Users/robertlopez/Desktop/Bluefin-Mortgage-Service/client/src/mortgageComponents/paymentCalculator/PaymentInput.jsx">
        <metrics statements="43" coveredstatements="27" conditionals="10" coveredconditionals="10" methods="10" coveredmethods="7"/>
        <line num="14" count="6" type="stmt"/>
        <line num="16" count="6" type="stmt"/>
        <line num="27" count="6" type="stmt"/>
        <line num="28" count="6" type="stmt"/>
        <line num="29" count="6" type="stmt"/>
        <line num="30" count="6" type="stmt"/>
        <line num="31" count="6" type="stmt"/>
        <line num="32" count="6" type="stmt"/>
        <line num="36" count="17" type="stmt"/>
        <line num="39" count="17" type="stmt"/>
        <line num="41" count="17" type="cond" truecount="2" falsecount="0"/>
        <line num="43" count="7" type="cond" truecount="2" falsecount="0"/>
        <line num="44" count="4" type="stmt"/>
        <line num="45" count="4" type="stmt"/>
        <line num="46" count="4" type="stmt"/>
        <line num="51" count="7" type="stmt"/>
        <line num="52" count="7" type="stmt"/>
        <line num="62" count="0" type="stmt"/>
        <line num="63" count="0" type="stmt"/>
        <line num="64" count="0" type="stmt"/>
        <line num="65" count="0" type="stmt"/>
        <line num="69" count="0" type="stmt"/>
        <line num="70" count="0" type="stmt"/>
        <line num="76" count="0" type="stmt"/>
        <line num="77" count="0" type="stmt"/>
        <line num="78" count="0" type="stmt"/>
        <line num="79" count="0" type="stmt"/>
        <line num="81" count="0" type="stmt"/>
        <line num="85" count="0" type="stmt"/>
        <line num="90" count="0" type="stmt"/>
        <line num="91" count="0" type="stmt"/>
        <line num="92" count="0" type="stmt"/>
        <line num="93" count="0" type="stmt"/>
        <line num="101" count="42" type="stmt"/>
        <line num="106" count="42" type="stmt"/>
        <line num="110" count="2" type="stmt"/>
        <line num="111" count="2" type="stmt"/>
        <line num="115" count="2" type="stmt"/>
        <line num="116" count="2" type="stmt"/>
        <line num="120" count="2" type="stmt"/>
        <line num="121" count="2" type="stmt"/>
        <line num="128" count="23" type="stmt"/>
        <line num="129" count="23" type="stmt"/>
      </file>
    </package>
    <package name="mortgageComponents.paymentCalculator.paymentStyles">
      <metrics statements="9" coveredstatements="9" conditionals="0" coveredconditionals="0" methods="2" coveredmethods="2"/>
      <file name="InputContainer.jsx" path="/Users/robertlopez/Desktop/Bluefin-Mortgage-Service/client/src/mortgageComponents/paymentCalculator/paymentStyles/InputContainer.jsx">
        <metrics statements="2" coveredstatements="2" conditionals="0" coveredconditionals="0" methods="0" coveredmethods="0"/>
        <line num="3" count="2" type="stmt"/>
        <line num="15" count="2" type="stmt"/>
      </file>
      <file name="PaymentContainer.jsx" path="/Users/robertlopez/Desktop/Bluefin-Mortgage-Service/client/src/mortgageComponents/paymentCalculator/paymentStyles/PaymentContainer.jsx">
        <metrics statements="2" coveredstatements="2" conditionals="0" coveredconditionals="0" methods="0" coveredmethods="0"/>
        <line num="3" count="1" type="stmt"/>
        <line num="9" count="1" type="stmt"/>
      </file>
      <file name="Slider.jsx" path="/Users/robertlopez/Desktop/Bluefin-Mortgage-Service/client/src/mortgageComponents/paymentCalculator/paymentStyles/Slider.jsx">
        <metrics statements="2" coveredstatements="2" conditionals="0" coveredconditionals="0" methods="0" coveredmethods="0"/>
        <line num="3" count="2" type="stmt"/>
        <line num="10" count="2" type="stmt"/>
      </file>
      <file name="TextBox.jsx" path="/Users/robertlopez/Desktop/Bluefin-Mortgage-Service/client/src/mortgageComponents/paymentCalculator/paymentStyles/TextBox.jsx">
        <metrics statements="3" coveredstatements="3" conditionals="0" coveredconditionals="0" methods="2" coveredmethods="2"/>
        <line num="3" count="69" type="stmt"/>
        <line num="8" count="69" type="stmt"/>
        <line num="13" count="2" type="stmt"/>
      </file>
    </package>
  </project>
</coverage>
