{"/Users/robertlopez/Desktop/Bluefin-Mortgage-Service/client/src/mortgageComponents/App.jsx": {"path":"/Users/robertlopez/Desktop/Bluefin-Mortgage-Service/client/src/mortgageComponents/App.jsx","statementMap":{"0":{"start":{"line":13,"column":4},"end":{"line":13,"column":17}},"1":{"start":{"line":14,"column":26},"end":{"line":14,"column":36}},"2":{"start":{"line":15,"column":4},"end":{"line":22,"column":6}},"3":{"start":{"line":23,"column":4},"end":{"line":23,"column":51}},"4":{"start":{"line":27,"column":26},"end":{"line":27,"column":36}},"5":{"start":{"line":28,"column":16},"end":{"line":28,"column":38}},"6":{"start":{"line":29,"column":4},"end":{"line":42,"column":9}},"7":{"start":{"line":31,"column":8},"end":{"line":31,"column":35}},"8":{"start":{"line":32,"column":23},"end":{"line":32,"column":40}},"9":{"start":{"line":33,"column":27},"end":{"line":33,"column":48}},"10":{"start":{"line":34,"column":26},"end":{"line":34,"column":36}},"11":{"start":{"line":35,"column":28},"end":{"line":35,"column":39}},"12":{"start":{"line":36,"column":8},"end":{"line":41,"column":11}},"13":{"start":{"line":46,"column":4},"end":{"line":49,"column":7}},"14":{"start":{"line":57,"column":8},"end":{"line":57,"column":18}},"15":{"start":{"line":59,"column":4},"end":{"line":72,"column":6}},"16":{"start":{"line":76,"column":0},"end":{"line":78,"column":2}}},"fnMap":{"0":{"name":"(anonymous_0)","decl":{"start":{"line":12,"column":2},"end":{"line":12,"column":3}},"loc":{"start":{"line":12,"column":21},"end":{"line":24,"column":3}},"line":12},"1":{"name":"(anonymous_1)","decl":{"start":{"line":26,"column":2},"end":{"line":26,"column":3}},"loc":{"start":{"line":26,"column":22},"end":{"line":43,"column":3}},"line":26},"2":{"name":"(anonymous_2)","decl":{"start":{"line":30,"column":12},"end":{"line":30,"column":13}},"loc":{"start":{"line":30,"column":26},"end":{"line":42,"column":7}},"line":30},"3":{"name":"(anonymous_3)","decl":{"start":{"line":45,"column":2},"end":{"line":45,"column":3}},"loc":{"start":{"line":45,"column":34},"end":{"line":51,"column":3}},"line":45},"4":{"name":"(anonymous_4)","decl":{"start":{"line":54,"column":2},"end":{"line":54,"column":3}},"loc":{"start":{"line":54,"column":11},"end":{"line":73,"column":3}},"line":54}},"branchMap":{},"s":{"0":1,"1":1,"2":1,"3":1,"4":1,"5":1,"6":1,"7":0,"8":0,"9":0,"10":0,"11":0,"12":0,"13":1,"14":2,"15":2,"16":1},"f":{"0":1,"1":1,"2":0,"3":1,"4":2},"b":{},"_coverageSchema":"1a1c01bbd47fc00a2c39e90264f33305004495a9","hash":"3cb5fb2a20721c78424defd064fcaaecd878b0dc"}
,"/Users/robertlopez/Desktop/Bluefin-Mortgage-Service/client/src/mortgageComponents/ads/Ad.jsx": {"path":"/Users/robertlopez/Desktop/Bluefin-Mortgage-Service/client/src/mortgageComponents/ads/Ad.jsx","statementMap":{"0":{"start":{"line":17,"column":11},"end":{"line":56,"column":1}},"1":{"start":{"line":22,"column":18},"end":{"line":22,"column":37}},"2":{"start":{"line":23,"column":24},"end":{"line":28,"column":3}},"3":{"start":{"line":24,"column":4},"end":{"line":26,"column":5}},"4":{"start":{"line":25,"column":6},"end":{"line":25,"column":26}},"5":{"start":{"line":27,"column":4},"end":{"line":27,"column":23}},"6":{"start":{"line":31,"column":2},"end":{"line":55,"column":4}},"7":{"start":{"line":33,"column":33},"end":{"line":33,"column":50}}},"fnMap":{"0":{"name":"(anonymous_0)","decl":{"start":{"line":17,"column":11},"end":{"line":17,"column":12}},"loc":{"start":{"line":19,"column":6},"end":{"line":56,"column":1}},"line":19},"1":{"name":"(anonymous_1)","decl":{"start":{"line":23,"column":24},"end":{"line":23,"column":25}},"loc":{"start":{"line":23,"column":35},"end":{"line":28,"column":3}},"line":23},"2":{"name":"(anonymous_2)","decl":{"start":{"line":33,"column":27},"end":{"line":33,"column":28}},"loc":{"start":{"line":33,"column":33},"end":{"line":33,"column":50}},"line":33}},"branchMap":{"0":{"loc":{"start":{"line":24,"column":4},"end":{"line":26,"column":5}},"type":"if","locations":[{"start":{"line":24,"column":4},"end":{"line":26,"column":5}},{"start":{"line":24,"column":4},"end":{"line":26,"column":5}}],"line":24},"1":{"loc":{"start":{"line":32,"column":26},"end":{"line":32,"column":52}},"type":"cond-expr","locations":[{"start":{"line":32,"column":36},"end":{"line":32,"column":43}},{"start":{"line":32,"column":46},"end":{"line":32,"column":52}}],"line":32},"2":{"loc":{"start":{"line":53,"column":7},"end":{"line":53,"column":58}},"type":"cond-expr","locations":[{"start":{"line":53,"column":17},"end":{"line":53,"column":51}},{"start":{"line":53,"column":54},"end":{"line":53,"column":58}}],"line":53}},"s":{"0":3,"1":9,"2":9,"3":1,"4":0,"5":1,"6":9,"7":1},"f":{"0":9,"1":1,"2":1},"b":{"0":[0,1],"1":[4,5],"2":[4,5]},"_coverageSchema":"1a1c01bbd47fc00a2c39e90264f33305004495a9","hash":"4f2816fe0ca73bb3246291840ef19276092e5ba3"}
,"/Users/robertlopez/Desktop/Bluefin-Mortgage-Service/client/src/mortgageComponents/ads/AdList.jsx": {"path":"/Users/robertlopez/Desktop/Bluefin-Mortgage-Service/client/src/mortgageComponents/ads/AdList.jsx","statementMap":{"0":{"start":{"line":13,"column":4},"end":{"line":13,"column":17}},"1":{"start":{"line":14,"column":4},"end":{"line":16,"column":6}},"2":{"start":{"line":17,"column":4},"end":{"line":17,"column":47}},"3":{"start":{"line":23,"column":4},"end":{"line":25,"column":7}},"4":{"start":{"line":30,"column":4},"end":{"line":32,"column":6}},"5":{"start":{"line":36,"column":4},"end":{"line":36,"column":38}},"6":{"start":{"line":40,"column":20},"end":{"line":40,"column":30}},"7":{"start":{"line":41,"column":39},"end":{"line":41,"column":49}},"8":{"start":{"line":42,"column":24},"end":{"line":42,"column":66}},"9":{"start":{"line":42,"column":44},"end":{"line":42,"column":64}},"10":{"start":{"line":43,"column":4},"end":{"line":64,"column":6}},"11":{"start":{"line":49,"column":12},"end":{"line":60,"column":24}}},"fnMap":{"0":{"name":"(anonymous_0)","decl":{"start":{"line":12,"column":2},"end":{"line":12,"column":3}},"loc":{"start":{"line":12,"column":21},"end":{"line":18,"column":3}},"line":12},"1":{"name":"(anonymous_1)","decl":{"start":{"line":21,"column":2},"end":{"line":21,"column":3}},"loc":{"start":{"line":21,"column":18},"end":{"line":26,"column":3}},"line":21},"2":{"name":"(anonymous_2)","decl":{"start":{"line":28,"column":2},"end":{"line":28,"column":3}},"loc":{"start":{"line":28,"column":23},"end":{"line":33,"column":3}},"line":28},"3":{"name":"(anonymous_3)","decl":{"start":{"line":35,"column":2},"end":{"line":35,"column":3}},"loc":{"start":{"line":35,"column":13},"end":{"line":37,"column":3}},"line":35},"4":{"name":"(anonymous_4)","decl":{"start":{"line":39,"column":2},"end":{"line":39,"column":3}},"loc":{"start":{"line":39,"column":11},"end":{"line":65,"column":3}},"line":39},"5":{"name":"(anonymous_5)","decl":{"start":{"line":42,"column":35},"end":{"line":42,"column":36}},"loc":{"start":{"line":42,"column":44},"end":{"line":42,"column":64}},"line":42},"6":{"name":"(anonymous_6)","decl":{"start":{"line":48,"column":27},"end":{"line":48,"column":28}},"loc":{"start":{"line":49,"column":12},"end":{"line":60,"column":24}},"line":49}},"branchMap":{},"s":{"0":4,"1":4,"2":4,"3":0,"4":1,"5":0,"6":10,"7":10,"8":10,"9":32,"10":10,"11":11},"f":{"0":4,"1":0,"2":1,"3":0,"4":10,"5":32,"6":11},"b":{},"_coverageSchema":"1a1c01bbd47fc00a2c39e90264f33305004495a9","hash":"3a6630c1005f5e7d3cd4066604c618c93d40526d"}
,"/Users/robertlopez/Desktop/Bluefin-Mortgage-Service/client/src/mortgageComponents/ads/ContactButton.jsx": {"path":"/Users/robertlopez/Desktop/Bluefin-Mortgage-Service/client/src/mortgageComponents/ads/ContactButton.jsx","statementMap":{"0":{"start":{"line":6,"column":22},"end":{"line":14,"column":1}},"1":{"start":{"line":16,"column":0},"end":{"line":16,"column":44}},"2":{"start":{"line":18,"column":15},"end":{"line":20,"column":1}},"3":{"start":{"line":22,"column":28},"end":{"line":28,"column":1}},"4":{"start":{"line":23,"column":2},"end":{"line":27,"column":8}}},"fnMap":{"0":{"name":"(anonymous_0)","decl":{"start":{"line":22,"column":28},"end":{"line":22,"column":29}},"loc":{"start":{"line":23,"column":2},"end":{"line":27,"column":8}},"line":23}},"branchMap":{},"s":{"0":3,"1":3,"2":3,"3":3,"4":3},"f":{"0":3},"b":{},"_coverageSchema":"1a1c01bbd47fc00a2c39e90264f33305004495a9","hash":"738d334ca9561864d3f1c4f37e33e1cb2196b827"}
,"/Users/robertlopez/Desktop/Bluefin-Mortgage-Service/client/src/mortgageComponents/ads/AdStyles/APR.jsx": {"path":"/Users/robertlopez/Desktop/Bluefin-Mortgage-Service/client/src/mortgageComponents/ads/AdStyles/APR.jsx","statementMap":{"0":{"start":{"line":3,"column":17},"end":{"line":6,"column":1}},"1":{"start":{"line":8,"column":0},"end":{"line":8,"column":29}}},"fnMap":{},"branchMap":{},"s":{"0":3,"1":3},"f":{},"b":{},"_coverageSchema":"1a1c01bbd47fc00a2c39e90264f33305004495a9","hash":"6b9fac0cce765da1cb3b10ea6dc482b4d4746dfc"}
,"/Users/robertlopez/Desktop/Bluefin-Mortgage-Service/client/src/mortgageComponents/ads/AdStyles/BankRateCard.jsx": {"path":"/Users/robertlopez/Desktop/Bluefin-Mortgage-Service/client/src/mortgageComponents/ads/AdStyles/BankRateCard.jsx","statementMap":{"0":{"start":{"line":3,"column":21},"end":{"line":12,"column":1}},"1":{"start":{"line":3,"column":50},"end":{"line":5,"column":1}},"2":{"start":{"line":11,"column":23},"end":{"line":11,"column":35}},"3":{"start":{"line":14,"column":0},"end":{"line":14,"column":42}}},"fnMap":{"0":{"name":"(anonymous_0)","decl":{"start":{"line":3,"column":38},"end":{"line":3,"column":39}},"loc":{"start":{"line":3,"column":50},"end":{"line":5,"column":1}},"line":3},"1":{"name":"(anonymous_1)","decl":{"start":{"line":11,"column":12},"end":{"line":11,"column":13}},"loc":{"start":{"line":11,"column":23},"end":{"line":11,"column":35}},"line":11}},"branchMap":{},"s":{"0":3,"1":8,"2":8,"3":3},"f":{"0":8,"1":8},"b":{},"_coverageSchema":"1a1c01bbd47fc00a2c39e90264f33305004495a9","hash":"fcb76ef371bf4d465f3bc5fc7387b6ed9026be16"}
,"/Users/robertlopez/Desktop/Bluefin-Mortgage-Service/client/src/mortgageComponents/ads/AdStyles/Bold.jsx": {"path":"/Users/robertlopez/Desktop/Bluefin-Mortgage-Service/client/src/mortgageComponents/ads/AdStyles/Bold.jsx","statementMap":{"0":{"start":{"line":3,"column":13},"end":{"line":5,"column":1}},"1":{"start":{"line":7,"column":0},"end":{"line":7,"column":26}}},"fnMap":{},"branchMap":{},"s":{"0":3,"1":3},"f":{},"b":{},"_coverageSchema":"1a1c01bbd47fc00a2c39e90264f33305004495a9","hash":"4e82d17bbe56536d0f83ad77c030116819129a2a"}
,"/Users/robertlopez/Desktop/Bluefin-Mortgage-Service/client/src/mortgageComponents/ads/AdStyles/InterestRate.jsx": {"path":"/Users/robertlopez/Desktop/Bluefin-Mortgage-Service/client/src/mortgageComponents/ads/AdStyles/InterestRate.jsx","statementMap":{"0":{"start":{"line":3,"column":21},"end":{"line":6,"column":1}},"1":{"start":{"line":8,"column":0},"end":{"line":8,"column":42}}},"fnMap":{},"branchMap":{},"s":{"0":3,"1":3},"f":{},"b":{},"_coverageSchema":"1a1c01bbd47fc00a2c39e90264f33305004495a9","hash":"a3403657896691c53fa0b0a4abcdf55e5abf15cd"}
,"/Users/robertlopez/Desktop/Bluefin-Mortgage-Service/client/src/mortgageComponents/ads/AdStyles/LenderInfo.jsx": {"path":"/Users/robertlopez/Desktop/Bluefin-Mortgage-Service/client/src/mortgageComponents/ads/AdStyles/LenderInfo.jsx","statementMap":{"0":{"start":{"line":3,"column":19},"end":{"line":15,"column":1}},"1":{"start":{"line":17,"column":0},"end":{"line":17,"column":38}}},"fnMap":{},"branchMap":{},"s":{"0":3,"1":3},"f":{},"b":{},"_coverageSchema":"1a1c01bbd47fc00a2c39e90264f33305004495a9","hash":"1d7a9cc3a18ff74114c49a47c613698a28fc50cf"}
,"/Users/robertlopez/Desktop/Bluefin-Mortgage-Service/client/src/mortgageComponents/ads/AdStyles/Seller.jsx": {"path":"/Users/robertlopez/Desktop/Bluefin-Mortgage-Service/client/src/mortgageComponents/ads/AdStyles/Seller.jsx","statementMap":{"0":{"start":{"line":3,"column":15},"end":{"line":5,"column":1}},"1":{"start":{"line":7,"column":0},"end":{"line":7,"column":30}}},"fnMap":{},"branchMap":{},"s":{"0":3,"1":3},"f":{},"b":{},"_coverageSchema":"1a1c01bbd47fc00a2c39e90264f33305004495a9","hash":"09127dc256b453ff2902d3ea6950968a654a5954"}
,"/Users/robertlopez/Desktop/Bluefin-Mortgage-Service/client/src/mortgageComponents/ads/input/CustomSelect.jsx": {"path":"/Users/robertlopez/Desktop/Bluefin-Mortgage-Service/client/src/mortgageComponents/ads/input/CustomSelect.jsx","statementMap":{"0":{"start":{"line":3,"column":21},"end":{"line":8,"column":1}},"1":{"start":{"line":10,"column":21},"end":{"line":22,"column":1}},"2":{"start":{"line":23,"column":0},"end":{"line":23,"column":40}}},"fnMap":{},"branchMap":{},"s":{"0":3,"1":3,"2":3},"f":{},"b":{},"_coverageSchema":"1a1c01bbd47fc00a2c39e90264f33305004495a9","hash":"8711571fd9281a29fbc041e7a3c50beef96fbbb7"}
,"/Users/robertlopez/Desktop/Bluefin-Mortgage-Service/client/src/mortgageComponents/ads/input/InputGrid.jsx": {"path":"/Users/robertlopez/Desktop/Bluefin-Mortgage-Service/client/src/mortgageComponents/ads/input/InputGrid.jsx","statementMap":{"0":{"start":{"line":3,"column":18},"end":{"line":7,"column":1}}},"fnMap":{},"branchMap":{},"s":{"0":3},"f":{},"b":{},"_coverageSchema":"1a1c01bbd47fc00a2c39e90264f33305004495a9","hash":"2cf64c772763f2a2f7bbd6bdd217ad0b31906b13"}
,"/Users/robertlopez/Desktop/Bluefin-Mortgage-Service/client/src/mortgageComponents/ads/input/LoanInput.jsx": {"path":"/Users/robertlopez/Desktop/Bluefin-Mortgage-Service/client/src/mortgageComponents/ads/input/LoanInput.jsx","statementMap":{"0":{"start":{"line":5,"column":18},"end":{"line":16,"column":1}},"1":{"start":{"line":6,"column":0},"end":{"line":15,"column":12}},"2":{"start":{"line":9,"column":47},"end":{"line":9,"column":73}}},"fnMap":{"0":{"name":"(anonymous_0)","decl":{"start":{"line":5,"column":18},"end":{"line":5,"column":19}},"loc":{"start":{"line":6,"column":0},"end":{"line":15,"column":12}},"line":6},"1":{"name":"(anonymous_1)","decl":{"start":{"line":9,"column":42},"end":{"line":9,"column":43}},"loc":{"start":{"line":9,"column":47},"end":{"line":9,"column":73}},"line":9}},"branchMap":{},"s":{"0":3,"1":6,"2":0},"f":{"0":6,"1":0},"b":{},"_coverageSchema":"1a1c01bbd47fc00a2c39e90264f33305004495a9","hash":"67dea3125832e570a0843362b00b13b8768d009a"}
,"/Users/robertlopez/Desktop/Bluefin-Mortgage-Service/client/src/mortgageComponents/ads/slider/Slider.jsx": {"path":"/Users/robertlopez/Desktop/Bluefin-Mortgage-Service/client/src/mortgageComponents/ads/slider/Slider.jsx","statementMap":{"0":{"start":{"line":3,"column":15},"end":{"line":9,"column":1}},"1":{"start":{"line":11,"column":0},"end":{"line":11,"column":30}}},"fnMap":{},"branchMap":{},"s":{"0":2,"1":2},"f":{},"b":{},"_coverageSchema":"1a1c01bbd47fc00a2c39e90264f33305004495a9","hash":"a85c527e4049fa588625ce58b832c542231bf9bf"}
,"/Users/robertlopez/Desktop/Bluefin-Mortgage-Service/client/src/mortgageComponents/ads/slider/SliderBox.jsx": {"path":"/Users/robertlopez/Desktop/Bluefin-Mortgage-Service/client/src/mortgageComponents/ads/slider/SliderBox.jsx","statementMap":{"0":{"start":{"line":3,"column":18},"end":{"line":9,"column":1}},"1":{"start":{"line":11,"column":0},"end":{"line":11,"column":36}}},"fnMap":{},"branchMap":{},"s":{"0":2,"1":2},"f":{},"b":{},"_coverageSchema":"1a1c01bbd47fc00a2c39e90264f33305004495a9","hash":"3f243d2584cdb441bba618f939124ffbc0f68086"}
,"/Users/robertlopez/Desktop/Bluefin-Mortgage-Service/client/src/mortgageComponents/paymentCalculator/PaymentCalculator.jsx": {"path":"/Users/robertlopez/Desktop/Bluefin-Mortgage-Service/client/src/mortgageComponents/paymentCalculator/PaymentCalculator.jsx","statementMap":{"0":{"start":{"line":8,"column":26},"end":{"line":22,"column":1}},"1":{"start":{"line":10,"column":2},"end":{"line":21,"column":4}}},"fnMap":{"0":{"name":"(anonymous_0)","decl":{"start":{"line":8,"column":26},"end":{"line":8,"column":27}},"loc":{"start":{"line":8,"column":67},"end":{"line":22,"column":1}},"line":8}},"branchMap":{},"s":{"0":1,"1":2},"f":{"0":2},"b":{},"_coverageSchema":"1a1c01bbd47fc00a2c39e90264f33305004495a9","hash":"a5674236d134aaefb064a29af6c518b8f0feaa49"}
,"/Users/robertlopez/Desktop/Bluefin-Mortgage-Service/client/src/mortgageComponents/paymentCalculator/PaymentInput.jsx": {"path":"/Users/robertlopez/Desktop/Bluefin-Mortgage-Service/client/src/mortgageComponents/paymentCalculator/PaymentInput.jsx","statementMap":{"0":{"start":{"line":14,"column":4},"end":{"line":14,"column":17}},"1":{"start":{"line":16,"column":4},"end":{"line":25,"column":6}},"2":{"start":{"line":27,"column":4},"end":{"line":27,"column":63}},"3":{"start":{"line":28,"column":4},"end":{"line":28,"column":67}},"4":{"start":{"line":29,"column":4},"end":{"line":29,"column":57}},"5":{"start":{"line":30,"column":4},"end":{"line":30,"column":65}},"6":{"start":{"line":31,"column":4},"end":{"line":31,"column":59}},"7":{"start":{"line":32,"column":4},"end":{"line":32,"column":69}},"8":{"start":{"line":36,"column":42},"end":{"line":36,"column":52}},"9":{"start":{"line":39,"column":21},"end":{"line":39,"column":37}},"10":{"start":{"line":41,"column":4},"end":{"line":56,"column":5}},"11":{"start":{"line":43,"column":6},"end":{"line":50,"column":7}},"12":{"start":{"line":44,"column":20},"end":{"line":44,"column":34}},"13":{"start":{"line":45,"column":20},"end":{"line":45,"column":34}},"14":{"start":{"line":46,"column":8},"end":{"line":49,"column":11}},"15":{"start":{"line":51,"column":26},"end":{"line":51,"column":63}},"16":{"start":{"line":52,"column":6},"end":{"line":55,"column":9}},"17":{"start":{"line":62,"column":35},"end":{"line":62,"column":45}},"18":{"start":{"line":63,"column":21},"end":{"line":63,"column":39}},"19":{"start":{"line":64,"column":27},"end":{"line":64,"column":64}},"20":{"start":{"line":65,"column":4},"end":{"line":68,"column":7}},"21":{"start":{"line":69,"column":28},"end":{"line":69,"column":38}},"22":{"start":{"line":70,"column":4},"end":{"line":70,"column":42}},"23":{"start":{"line":76,"column":22},"end":{"line":76,"column":32}},"24":{"start":{"line":77,"column":28},"end":{"line":77,"column":38}},"25":{"start":{"line":78,"column":27},"end":{"line":78,"column":45}},"26":{"start":{"line":79,"column":20},"end":{"line":79,"column":50}},"27":{"start":{"line":81,"column":4},"end":{"line":84,"column":7}},"28":{"start":{"line":85,"column":4},"end":{"line":85,"column":39}},"29":{"start":{"line":90,"column":22},"end":{"line":90,"column":32}},"30":{"start":{"line":91,"column":20},"end":{"line":91,"column":44}},"31":{"start":{"line":92,"column":27},"end":{"line":92,"column":54}},"32":{"start":{"line":93,"column":4},"end":{"line":96,"column":7}},"33":{"start":{"line":101,"column":22},"end":{"line":105,"column":6}},"34":{"start":{"line":106,"column":4},"end":{"line":106,"column":48}},"35":{"start":{"line":110,"column":29},"end":{"line":110,"column":39}},"36":{"start":{"line":111,"column":4},"end":{"line":111,"column":51}},"37":{"start":{"line":115,"column":26},"end":{"line":115,"column":36}},"38":{"start":{"line":116,"column":4},"end":{"line":116,"column":45}},"39":{"start":{"line":120,"column":31},"end":{"line":120,"column":41}},"40":{"start":{"line":121,"column":4},"end":{"line":121,"column":55}},"41":{"start":{"line":128,"column":8},"end":{"line":128,"column":18}},"42":{"start":{"line":129,"column":4},"end":{"line":221,"column":6}}},"fnMap":{"0":{"name":"(anonymous_0)","decl":{"start":{"line":13,"column":2},"end":{"line":13,"column":3}},"loc":{"start":{"line":13,"column":21},"end":{"line":33,"column":3}},"line":13},"1":{"name":"(anonymous_1)","decl":{"start":{"line":35,"column":2},"end":{"line":35,"column":3}},"loc":{"start":{"line":35,"column":23},"end":{"line":58,"column":3}},"line":35},"2":{"name":"(anonymous_2)","decl":{"start":{"line":61,"column":2},"end":{"line":61,"column":3}},"loc":{"start":{"line":61,"column":27},"end":{"line":72,"column":3}},"line":61},"3":{"name":"(anonymous_3)","decl":{"start":{"line":75,"column":2},"end":{"line":75,"column":3}},"loc":{"start":{"line":75,"column":24},"end":{"line":87,"column":3}},"line":75},"4":{"name":"(anonymous_4)","decl":{"start":{"line":89,"column":2},"end":{"line":89,"column":3}},"loc":{"start":{"line":89,"column":29},"end":{"line":97,"column":3}},"line":89},"5":{"name":"(anonymous_5)","decl":{"start":{"line":100,"column":2},"end":{"line":100,"column":3}},"loc":{"start":{"line":100,"column":23},"end":{"line":107,"column":3}},"line":100},"6":{"name":"(anonymous_6)","decl":{"start":{"line":109,"column":2},"end":{"line":109,"column":3}},"loc":{"start":{"line":109,"column":23},"end":{"line":112,"column":3}},"line":109},"7":{"name":"(anonymous_7)","decl":{"start":{"line":114,"column":2},"end":{"line":114,"column":3}},"loc":{"start":{"line":114,"column":20},"end":{"line":117,"column":3}},"line":114},"8":{"name":"(anonymous_8)","decl":{"start":{"line":119,"column":2},"end":{"line":119,"column":3}},"loc":{"start":{"line":119,"column":25},"end":{"line":122,"column":3}},"line":119},"9":{"name":"(anonymous_9)","decl":{"start":{"line":125,"column":2},"end":{"line":125,"column":3}},"loc":{"start":{"line":125,"column":11},"end":{"line":222,"column":3}},"line":125}},"branchMap":{"0":{"loc":{"start":{"line":41,"column":4},"end":{"line":56,"column":5}},"type":"if","locations":[{"start":{"line":41,"column":4},"end":{"line":56,"column":5}},{"start":{"line":41,"column":4},"end":{"line":56,"column":5}}],"line":41},"1":{"loc":{"start":{"line":43,"column":6},"end":{"line":50,"column":7}},"type":"if","locations":[{"start":{"line":43,"column":6},"end":{"line":50,"column":7}},{"start":{"line":43,"column":6},"end":{"line":50,"column":7}}],"line":43},"2":{"loc":{"start":{"line":134,"column":11},"end":{"line":154,"column":11}},"type":"cond-expr","locations":[{"start":{"line":135,"column":12},"end":{"line":143,"column":14}},{"start":{"line":145,"column":12},"end":{"line":153,"column":14}}],"line":134},"3":{"loc":{"start":{"line":157,"column":11},"end":{"line":177,"column":11}},"type":"cond-expr","locations":[{"start":{"line":158,"column":12},"end":{"line":166,"column":14}},{"start":{"line":168,"column":12},"end":{"line":176,"column":14}}],"line":157},"4":{"loc":{"start":{"line":178,"column":11},"end":{"line":198,"column":11}},"type":"cond-expr","locations":[{"start":{"line":179,"column":12},"end":{"line":187,"column":14}},{"start":{"line":189,"column":12},"end":{"line":197,"column":14}}],"line":178}},"s":{"0":6,"1":6,"2":6,"3":6,"4":6,"5":6,"6":6,"7":6,"8":17,"9":17,"10":17,"11":7,"12":4,"13":4,"14":4,"15":7,"16":7,"17":0,"18":0,"19":0,"20":0,"21":0,"22":0,"23":0,"24":0,"25":0,"26":0,"27":0,"28":0,"29":0,"30":0,"31":0,"32":0,"33":42,"34":42,"35":2,"36":2,"37":2,"38":2,"39":2,"40":2,"41":23,"42":23},"f":{"0":6,"1":17,"2":0,"3":0,"4":0,"5":42,"6":2,"7":2,"8":2,"9":23},"b":{"0":[7,10],"1":[4,3],"2":[2,21],"3":[2,21],"4":[2,21]},"_coverageSchema":"1a1c01bbd47fc00a2c39e90264f33305004495a9","hash":"d32fcd735b8eff75d9c112b04754e46387fe2d09"}
,"/Users/robertlopez/Desktop/Bluefin-Mortgage-Service/client/src/mortgageComponents/paymentCalculator/paymentStyles/InputContainer.jsx": {"path":"/Users/robertlopez/Desktop/Bluefin-Mortgage-Service/client/src/mortgageComponents/paymentCalculator/paymentStyles/InputContainer.jsx","statementMap":{"0":{"start":{"line":3,"column":23},"end":{"line":13,"column":1}},"1":{"start":{"line":15,"column":0},"end":{"line":15,"column":44}}},"fnMap":{},"branchMap":{},"s":{"0":2,"1":2},"f":{},"b":{},"_coverageSchema":"1a1c01bbd47fc00a2c39e90264f33305004495a9","hash":"dc6f6c4655f1a68ab0915611b2b3feeee315ad46"}
,"/Users/robertlopez/Desktop/Bluefin-Mortgage-Service/client/src/mortgageComponents/paymentCalculator/paymentStyles/PaymentContainer.jsx": {"path":"/Users/robertlopez/Desktop/Bluefin-Mortgage-Service/client/src/mortgageComponents/paymentCalculator/paymentStyles/PaymentContainer.jsx","statementMap":{"0":{"start":{"line":3,"column":25},"end":{"line":7,"column":1}},"1":{"start":{"line":9,"column":0},"end":{"line":9,"column":48}}},"fnMap":{},"branchMap":{},"s":{"0":1,"1":1},"f":{},"b":{},"_coverageSchema":"1a1c01bbd47fc00a2c39e90264f33305004495a9","hash":"6e81ff3c6b5c5e6aa2b3c1a4c338a7f7aa5ae671"}
,"/Users/robertlopez/Desktop/Bluefin-Mortgage-Service/client/src/mortgageComponents/paymentCalculator/paymentStyles/Slider.jsx": {"path":"/Users/robertlopez/Desktop/Bluefin-Mortgage-Service/client/src/mortgageComponents/paymentCalculator/paymentStyles/Slider.jsx","statementMap":{"0":{"start":{"line":3,"column":15},"end":{"line":8,"column":1}},"1":{"start":{"line":10,"column":0},"end":{"line":10,"column":30}}},"fnMap":{},"branchMap":{},"s":{"0":2,"1":2},"f":{},"b":{},"_coverageSchema":"1a1c01bbd47fc00a2c39e90264f33305004495a9","hash":"7d0932dc24b39f89704ed882bb6dca416a1d25d8"}
,"/Users/robertlopez/Desktop/Bluefin-Mortgage-Service/client/src/mortgageComponents/paymentCalculator/paymentStyles/TextBox.jsx": {"path":"/Users/robertlopez/Desktop/Bluefin-Mortgage-Service/client/src/mortgageComponents/paymentCalculator/paymentStyles/TextBox.jsx","statementMap":{"0":{"start":{"line":3,"column":16},"end":{"line":11,"column":1}},"1":{"start":{"line":3,"column":47},"end":{"line":5,"column":1}},"2":{"start":{"line":8,"column":22},"end":{"line":8,"column":33}},"3":{"start":{"line":13,"column":0},"end":{"line":13,"column":30}}},"fnMap":{"0":{"name":"(anonymous_0)","decl":{"start":{"line":3,"column":35},"end":{"line":3,"column":36}},"loc":{"start":{"line":3,"column":47},"end":{"line":5,"column":1}},"line":3},"1":{"name":"(anonymous_1)","decl":{"start":{"line":8,"column":11},"end":{"line":8,"column":12}},"loc":{"start":{"line":8,"column":22},"end":{"line":8,"column":33}},"line":8}},"branchMap":{},"s":{"0":2,"1":69,"2":69,"3":2},"f":{"0":69,"1":69},"b":{},"_coverageSchema":"1a1c01bbd47fc00a2c39e90264f33305004495a9","hash":"0c445ac0b6a8822b58f5ea000f27703f3b663472"}
}
