{"/Users/robertlopez/Desktop/Bluefin-Mortgage-Service/client/mortgageModel/mortgage.js": {"path":"/Users/robertlopez/Desktop/Bluefin-Mortgage-Service/client/mortgageModel/mortgage.js","statementMap":{"0":{"start":{"line":4,"column":4},"end":{"line":4,"column":23}},"1":{"start":{"line":5,"column":4},"end":{"line":5,"column":19}},"2":{"start":{"line":6,"column":4},"end":{"line":6,"column":36}},"3":{"start":{"line":7,"column":4},"end":{"line":7,"column":43}},"4":{"start":{"line":8,"column":4},"end":{"line":8,"column":86}},"5":{"start":{"line":9,"column":4},"end":{"line":9,"column":51}},"6":{"start":{"line":10,"column":4},"end":{"line":10,"column":19}},"7":{"start":{"line":11,"column":4},"end":{"line":11,"column":17}},"8":{"start":{"line":12,"column":4},"end":{"line":14,"column":5}},"9":{"start":{"line":13,"column":6},"end":{"line":13,"column":60}},"10":{"start":{"line":18,"column":14},"end":{"line":18,"column":29}},"11":{"start":{"line":19,"column":14},"end":{"line":19,"column":29}},"12":{"start":{"line":20,"column":14},"end":{"line":20,"column":23}},"13":{"start":{"line":21,"column":20},"end":{"line":21,"column":67}},"14":{"start":{"line":23,"column":4},"end":{"line":23,"column":31}},"15":{"start":{"line":27,"column":4},"end":{"line":27,"column":99}}},"fnMap":{"0":{"name":"(anonymous_0)","decl":{"start":{"line":3,"column":2},"end":{"line":3,"column":3}},"loc":{"start":{"line":3,"column":115},"end":{"line":15,"column":3}},"line":3},"1":{"name":"(anonymous_1)","decl":{"start":{"line":17,"column":2},"end":{"line":17,"column":3}},"loc":{"start":{"line":17,"column":21},"end":{"line":24,"column":3}},"line":17},"2":{"name":"(anonymous_2)","decl":{"start":{"line":26,"column":2},"end":{"line":26,"column":3}},"loc":{"start":{"line":26,"column":22},"end":{"line":28,"column":3}},"line":26}},"branchMap":{"0":{"loc":{"start":{"line":3,"column":33},"end":{"line":3,"column":48}},"type":"default-arg","locations":[{"start":{"line":3,"column":47},"end":{"line":3,"column":48}}],"line":3},"1":{"loc":{"start":{"line":3,"column":50},"end":{"line":3,"column":57}},"type":"default-arg","locations":[{"start":{"line":3,"column":56},"end":{"line":3,"column":57}}],"line":3},"2":{"loc":{"start":{"line":3,"column":59},"end":{"line":3,"column":73}},"type":"default-arg","locations":[{"start":{"line":3,"column":69},"end":{"line":3,"column":73}}],"line":3},"3":{"loc":{"start":{"line":3,"column":75},"end":{"line":3,"column":101}},"type":"default-arg","locations":[{"start":{"line":3,"column":97},"end":{"line":3,"column":101}}],"line":3},"4":{"loc":{"start":{"line":3,"column":103},"end":{"line":3,"column":113}},"type":"default-arg","locations":[{"start":{"line":3,"column":109},"end":{"line":3,"column":113}}],"line":3},"5":{"loc":{"start":{"line":12,"column":4},"end":{"line":14,"column":5}},"type":"if","locations":[{"start":{"line":12,"column":4},"end":{"line":14,"column":5}},{"start":{"line":12,"column":4},"end":{"line":14,"column":5}}],"line":12}},"s":{"0":7,"1":7,"2":7,"3":7,"4":7,"5":7,"6":7,"7":7,"8":7,"9":5,"10":7,"11":7,"12":7,"13":7,"14":7,"15":1},"f":{"0":7,"1":7,"2":1},"b":{"0":[0],"1":[5],"2":[5],"3":[5],"4":[5],"5":[5,2]},"_coverageSchema":"1a1c01bbd47fc00a2c39e90264f33305004495a9","hash":"60203345e30d8fa792f59a572defc7e744f7a0ab"}
}
