TN:
SF:client/helpers/dollarFormat.js
FN:2,(anonymous_0)
FNF:1
FNH:1
FNDA:48,(anonymous_0)
DA:2,3
DA:3,48
DA:8,48
LF:3
LH:3
BRF:0
BRH:0
end_of_record
TN:
SF:client/helpers/lastNonZero.js
FN:3,(anonymous_0)
FNF:1
FNH:1
FNDA:3,(anonymous_0)
DA:3,1
DA:4,3
DA:5,5
DA:6,0
DA:9,3
LF:5
LH:4
BRDA:5,0,0,0
BRDA:5,0,1,5
BRF:2
BRH:1
end_of_record
TN:
SF:client/helpers/percentFormat.js
FN:2,(anonymous_0)
FNF:1
FNH:1
FNDA:4,(anonymous_0)
DA:2,2
DA:3,4
DA:7,4
LF:3
LH:3
BRF:0
BRH:0
end_of_record
TN:
SF:client/mortgageModel/mortgage.js
FN:3,(anonymous_0)
FN:17,(anonymous_1)
FN:26,(anonymous_2)
FNF:3
FNH:3
FNDA:8,(anonymous_0)
FNDA:8,(anonymous_1)
FNDA:2,(anonymous_2)
DA:4,8
DA:5,8
DA:6,8
DA:7,8
DA:8,8
DA:9,8
DA:10,8
DA:11,8
DA:12,8
DA:13,5
DA:18,8
DA:19,8
DA:20,8
DA:21,8
DA:23,8
DA:27,2
LF:16
LH:16
BRDA:3,0,0,0
BRDA:3,1,0,6
BRDA:3,2,0,6
BRDA:3,3,0,6
BRDA:3,4,0,6
BRDA:12,5,0,5
BRDA:12,5,1,3
BRF:7
BRH:6
end_of_record
TN:
SF:client/src/mortgageComponents/App.jsx
FN:14,(anonymous_0)
FN:34,(anonymous_1)
FN:38,(anonymous_2)
FN:60,(anonymous_3)
FN:68,(anonymous_4)
FN:78,(anonymous_5)
FN:88,(anonymous_6)
FN:94,(anonymous_7)
FNF:8
FNH:5
FNDA:1,(anonymous_0)
FNDA:1,(anonymous_1)
FNDA:0,(anonymous_2)
FNDA:1,(anonymous_3)
FNDA:0,(anonymous_4)
FNDA:1,(anonymous_5)
FNDA:0,(anonymous_6)
FNDA:3,(anonymous_7)
DA:15,1
DA:16,1
DA:17,1
DA:28,1
DA:29,1
DA:30,1
DA:31,1
DA:35,1
DA:36,1
DA:37,1
DA:40,0
DA:41,0
DA:42,0
DA:43,0
DA:44,0
DA:45,0
DA:61,1
DA:62,1
DA:64,1
DA:69,0
DA:70,0
DA:71,0
DA:72,0
DA:74,0
DA:75,0
DA:79,1
DA:80,1
DA:84,1
DA:89,0
DA:90,0
DA:91,0
DA:97,3
DA:99,3
DA:121,1
LF:34
LH:19
BRDA:71,0,0,0
BRDA:71,0,1,0
BRF:2
BRH:0
end_of_record
TN:
SF:client/src/mortgageComponents/ads/Ad.jsx
FN:17,(anonymous_0)
FN:21,(anonymous_1)
FN:33,(anonymous_2)
FNF:3
FNH:3
FNDA:12,(anonymous_0)
FNDA:1,(anonymous_1)
FNDA:1,(anonymous_2)
DA:17,3
DA:20,12
DA:21,12
DA:22,1
DA:23,0
DA:24,0
DA:26,1
DA:27,1
DA:31,12
DA:33,1
LF:10
LH:8
BRDA:22,0,0,0
BRDA:22,0,1,1
BRDA:32,1,0,4
BRDA:32,1,1,8
BRDA:53,2,0,4
BRDA:53,2,1,8
BRF:6
BRH:5
end_of_record
TN:
SF:client/src/mortgageComponents/ads/AdList.jsx
FN:16,(anonymous_0)
FN:29,(anonymous_1)
FN:36,(anonymous_2)
FN:45,(anonymous_3)
FN:52,(anonymous_4)
FN:56,(anonymous_5)
FN:59,(anonymous_6)
FN:88,(anonymous_7)
FNF:8
FNH:6
FNDA:5,(anonymous_0)
FNDA:0,(anonymous_1)
FNDA:1,(anonymous_2)
FNDA:1,(anonymous_3)
FNDA:0,(anonymous_4)
FNDA:14,(anonymous_5)
FNDA:44,(anonymous_6)
FNDA:14,(anonymous_7)
DA:17,5
DA:18,5
DA:23,5
DA:24,5
DA:25,5
DA:31,0
DA:38,1
DA:39,1
DA:42,1
DA:46,1
DA:47,1
DA:53,0
DA:57,14
DA:58,14
DA:59,44
DA:60,14
DA:89,14
LF:17
LH:15
BRDA:66,0,0,1
BRDA:66,0,1,13
BRDA:79,1,0,1
BRDA:79,1,1,13
BRF:4
BRH:4
end_of_record
TN:
SF:client/src/mortgageComponents/ads/ContactButton.jsx
FN:22,(anonymous_0)
FNF:1
FNH:1
FNDA:3,(anonymous_0)
DA:6,3
DA:16,3
DA:18,3
DA:22,3
DA:23,3
LF:5
LH:5
BRF:0
BRH:0
end_of_record
TN:
SF:client/src/mortgageComponents/ads/AdStyles/APR.jsx
FNF:0
FNH:0
DA:3,3
DA:8,3
LF:2
LH:2
BRF:0
BRH:0
end_of_record
TN:
SF:client/src/mortgageComponents/ads/AdStyles/AdListContainer.jsx
FNF:0
FNH:0
DA:3,2
LF:1
LH:1
BRF:0
BRH:0
end_of_record
TN:
SF:client/src/mortgageComponents/ads/AdStyles/BankRateCard.jsx
FN:3,(anonymous_0)
FN:11,(anonymous_1)
FNF:2
FNH:2
FNDA:11,(anonymous_0)
FNDA:11,(anonymous_1)
DA:3,11
DA:11,11
DA:14,3
LF:3
LH:3
BRF:0
BRH:0
end_of_record
TN:
SF:client/src/mortgageComponents/ads/AdStyles/Bold.jsx
FNF:0
FNH:0
DA:3,3
DA:7,3
LF:2
LH:2
BRF:0
BRH:0
end_of_record
TN:
SF:client/src/mortgageComponents/ads/AdStyles/InterestRate.jsx
FNF:0
FNH:0
DA:3,3
DA:8,3
LF:2
LH:2
BRF:0
BRH:0
end_of_record
TN:
SF:client/src/mortgageComponents/ads/AdStyles/LenderInfo.jsx
FNF:0
FNH:0
DA:3,3
DA:17,3
LF:2
LH:2
BRF:0
BRH:0
end_of_record
TN:
SF:client/src/mortgageComponents/ads/AdStyles/Seller.jsx
FNF:0
FNH:0
DA:3,3
DA:7,3
LF:2
LH:2
BRF:0
BRH:0
end_of_record
TN:
SF:client/src/mortgageComponents/ads/AdStyles/TitleBar.jsx
FNF:0
FNH:0
DA:3,2
DA:14,2
LF:2
LH:2
BRF:0
BRH:0
end_of_record
TN:
SF:client/src/mortgageComponents/ads/input/CustomSelect.jsx
FNF:0
FNH:0
DA:3,3
DA:11,3
DA:24,3
LF:3
LH:3
BRF:0
BRH:0
end_of_record
TN:
SF:client/src/mortgageComponents/ads/input/InputGrid.jsx
FNF:0
FNH:0
DA:3,3
LF:1
LH:1
BRF:0
BRH:0
end_of_record
TN:
SF:client/src/mortgageComponents/ads/input/LoanInput.jsx
FN:5,(anonymous_0)
FN:9,(anonymous_1)
FNF:2
FNH:1
FNDA:2,(anonymous_0)
FNDA:0,(anonymous_1)
DA:5,3
DA:6,2
DA:9,0
LF:3
LH:2
BRF:0
BRH:0
end_of_record
TN:
SF:client/src/mortgageComponents/ads/slider/Slider.jsx
FNF:0
FNH:0
DA:3,2
DA:13,2
LF:2
LH:2
BRF:0
BRH:0
end_of_record
TN:
SF:client/src/mortgageComponents/ads/slider/SliderBox.jsx
FNF:0
FNH:0
DA:3,2
DA:11,2
LF:2
LH:2
BRF:0
BRH:0
end_of_record
TN:
SF:client/src/mortgageComponents/paymentCalculator/CustomizeBar.jsx
FN:20,(anonymous_0)
FNF:1
FNH:1
FNDA:3,(anonymous_0)
DA:6,1
DA:15,1
DA:20,1
DA:21,3
LF:4
LH:4
BRF:0
BRH:0
end_of_record
TN:
SF:client/src/mortgageComponents/paymentCalculator/LegendItem.jsx
FN:8,(anonymous_0)
FN:38,(anonymous_1)
FNF:2
FNH:0
FNDA:0,(anonymous_0)
FNDA:0,(anonymous_1)
DA:8,1
DA:15,1
DA:27,1
DA:33,1
DA:38,1
DA:39,0
LF:6
LH:5
BRF:0
BRH:0
end_of_record
TN:
SF:client/src/mortgageComponents/paymentCalculator/PaymentCalculator.jsx
FN:22,(anonymous_0)
FN:26,(anonymous_1)
FN:39,(anonymous_2)
FN:62,(anonymous_3)
FNF:4
FNH:4
FNDA:3,(anonymous_0)
FNDA:5,(anonymous_1)
FNDA:5,(anonymous_2)
FNDA:5,(anonymous_3)
DA:22,1
DA:26,5
DA:27,3
DA:28,3
DA:29,3
DA:31,3
DA:40,5
DA:41,5
DA:43,1
DA:44,1
DA:46,0
DA:47,0
DA:49,4
DA:50,4
DA:52,5
DA:63,5
DA:64,0
DA:72,5
LF:18
LH:15
BRDA:41,0,0,1
BRDA:41,0,1,0
BRDA:41,0,2,4
BRDA:63,1,0,0
BRDA:63,1,1,5
BRF:5
BRH:3
end_of_record
TN:
SF:client/src/mortgageComponents/paymentCalculator/PaymentInput.jsx
FN:16,(anonymous_0)
FN:38,(anonymous_1)
FN:64,(anonymous_2)
FN:78,(anonymous_3)
FN:92,(anonymous_4)
FN:103,(anonymous_5)
FN:108,(anonymous_6)
FN:113,(anonymous_7)
FN:119,(anonymous_8)
FNF:9
FNH:6
FNDA:6,(anonymous_0)
FNDA:18,(anonymous_1)
FNDA:0,(anonymous_2)
FNDA:0,(anonymous_3)
FNDA:0,(anonymous_4)
FNDA:2,(anonymous_5)
FNDA:2,(anonymous_6)
FNDA:2,(anonymous_7)
FNDA:24,(anonymous_8)
DA:17,6
DA:19,6
DA:30,6
DA:31,6
DA:32,6
DA:33,6
DA:34,6
DA:35,6
DA:39,18
DA:42,18
DA:44,18
DA:46,7
DA:47,4
DA:48,4
DA:49,4
DA:54,7
DA:55,7
DA:65,0
DA:66,0
DA:67,0
DA:68,0
DA:72,0
DA:73,0
DA:79,0
DA:80,0
DA:81,0
DA:82,0
DA:84,0
DA:88,0
DA:93,0
DA:94,0
DA:95,0
DA:96,0
DA:104,2
DA:105,2
DA:109,2
DA:110,2
DA:114,2
DA:115,2
DA:122,24
DA:123,24
LF:41
LH:25
BRDA:44,0,0,7
BRDA:44,0,1,11
BRDA:46,1,0,4
BRDA:46,1,1,3
BRDA:128,2,0,2
BRDA:128,2,1,22
BRDA:151,3,0,2
BRDA:151,3,1,22
BRDA:172,4,0,2
BRDA:172,4,1,22
BRF:10
BRH:10
end_of_record
TN:
SF:client/src/mortgageComponents/paymentCalculator/paymentStyles/InputContainer.jsx
FNF:0
FNH:0
DA:3,2
DA:15,2
LF:2
LH:2
BRF:0
BRH:0
end_of_record
TN:
SF:client/src/mortgageComponents/paymentCalculator/paymentStyles/LegendFlex.jsx
FNF:0
FNH:0
DA:3,1
LF:1
LH:1
BRF:0
BRH:0
end_of_record
TN:
SF:client/src/mortgageComponents/paymentCalculator/paymentStyles/PaymentBar.jsx
FNF:0
FNH:0
DA:3,1
LF:1
LH:1
BRF:0
BRH:0
end_of_record
TN:
SF:client/src/mortgageComponents/paymentCalculator/paymentStyles/PaymentBarElement.jsx
FN:3,(anonymous_0)
FN:9,(anonymous_1)
FN:10,(anonymous_2)
FN:12,(anonymous_3)
FNF:4
FNH:4
FNDA:5,(anonymous_0)
FNDA:5,(anonymous_1)
FNDA:5,(anonymous_2)
FNDA:5,(anonymous_3)
DA:3,5
DA:9,5
DA:10,5
DA:12,5
LF:4
LH:4
BRF:0
BRH:0
end_of_record
TN:
SF:client/src/mortgageComponents/paymentCalculator/paymentStyles/PaymentContainer.jsx
FNF:0
FNH:0
DA:3,1
DA:9,1
LF:2
LH:2
BRF:0
BRH:0
end_of_record
TN:
SF:client/src/mortgageComponents/paymentCalculator/paymentStyles/PaymentHeader.jsx
FNF:0
FNH:0
DA:3,1
LF:1
LH:1
BRF:0
BRH:0
end_of_record
TN:
SF:client/src/mortgageComponents/paymentCalculator/paymentStyles/PaymentHeading.jsx
FNF:0
FNH:0
DA:3,1
LF:1
LH:1
BRF:0
BRH:0
end_of_record
TN:
SF:client/src/mortgageComponents/paymentCalculator/paymentStyles/Slider.jsx
FNF:0
FNH:0
DA:3,2
DA:25,2
LF:2
LH:2
BRF:0
BRH:0
end_of_record
TN:
SF:client/src/mortgageComponents/paymentCalculator/paymentStyles/TextBox.jsx
FN:3,(anonymous_0)
FN:8,(anonymous_1)
FNF:2
FNH:2
FNDA:72,(anonymous_0)
FNDA:72,(anonymous_1)
DA:3,72
DA:8,72
DA:13,2
LF:3
LH:3
BRF:0
BRH:0
end_of_record
