TN:
SF:client/src/mortgageComponents/App.jsx
FN:12,(anonymous_0)
FN:26,(anonymous_1)
FN:30,(anonymous_2)
FN:45,(anonymous_3)
FN:54,(anonymous_4)
FNF:5
FNH:4
FNDA:1,(anonymous_0)
FNDA:1,(anonymous_1)
FNDA:0,(anonymous_2)
FNDA:1,(anonymous_3)
FNDA:2,(anonymous_4)
DA:13,1
DA:14,1
DA:15,1
DA:23,1
DA:27,1
DA:28,1
DA:29,1
DA:31,0
DA:32,0
DA:33,0
DA:34,0
DA:35,0
DA:36,0
DA:46,1
DA:57,2
DA:59,2
DA:76,1
LF:17
LH:11
BRF:0
BRH:0
end_of_record
TN:
SF:client/src/mortgageComponents/ads/Ad.jsx
FN:17,(anonymous_0)
FN:23,(anonymous_1)
FN:33,(anonymous_2)
FNF:3
FNH:3
FNDA:9,(anonymous_0)
FNDA:1,(anonymous_1)
FNDA:1,(anonymous_2)
DA:17,3
DA:22,9
DA:23,9
DA:24,1
DA:25,0
DA:27,1
DA:31,9
DA:33,1
LF:8
LH:7
BRDA:24,0,0,0
BRDA:24,0,1,1
BRDA:32,1,0,4
BRDA:32,1,1,5
BRDA:53,2,0,4
BRDA:53,2,1,5
BRF:6
BRH:5
end_of_record
TN:
SF:client/src/mortgageComponents/ads/AdList.jsx
FN:12,(anonymous_0)
FN:21,(anonymous_1)
FN:28,(anonymous_2)
FN:35,(anonymous_3)
FN:39,(anonymous_4)
FN:42,(anonymous_5)
FN:48,(anonymous_6)
FNF:7
FNH:5
FNDA:4,(anonymous_0)
FNDA:0,(anonymous_1)
FNDA:1,(anonymous_2)
FNDA:0,(anonymous_3)
FNDA:10,(anonymous_4)
FNDA:32,(anonymous_5)
FNDA:11,(anonymous_6)
DA:13,4
DA:14,4
DA:17,4
DA:23,0
DA:30,1
DA:36,0
DA:40,10
DA:41,10
DA:42,32
DA:43,10
DA:49,11
LF:11
LH:9
BRF:0
BRH:0
end_of_record
TN:
SF:client/src/mortgageComponents/ads/ContactButton.jsx
FN:22,(anonymous_0)
FNF:1
FNH:1
FNDA:3,(anonymous_0)
DA:6,3
DA:16,3
DA:18,3
DA:22,3
DA:23,3
LF:5
LH:5
BRF:0
BRH:0
end_of_record
TN:
SF:client/src/mortgageComponents/ads/AdStyles/APR.jsx
FNF:0
FNH:0
DA:3,3
DA:8,3
LF:2
LH:2
BRF:0
BRH:0
end_of_record
TN:
SF:client/src/mortgageComponents/ads/AdStyles/BankRateCard.jsx
FN:3,(anonymous_0)
FN:11,(anonymous_1)
FNF:2
FNH:2
FNDA:8,(anonymous_0)
FNDA:8,(anonymous_1)
DA:3,8
DA:11,8
DA:14,3
LF:3
LH:3
BRF:0
BRH:0
end_of_record
TN:
SF:client/src/mortgageComponents/ads/AdStyles/Bold.jsx
FNF:0
FNH:0
DA:3,3
DA:7,3
LF:2
LH:2
BRF:0
BRH:0
end_of_record
TN:
SF:client/src/mortgageComponents/ads/AdStyles/InterestRate.jsx
FNF:0
FNH:0
DA:3,3
DA:8,3
LF:2
LH:2
BRF:0
BRH:0
end_of_record
TN:
SF:client/src/mortgageComponents/ads/AdStyles/LenderInfo.jsx
FNF:0
FNH:0
DA:3,3
DA:17,3
LF:2
LH:2
BRF:0
BRH:0
end_of_record
TN:
SF:client/src/mortgageComponents/ads/AdStyles/Seller.jsx
FNF:0
FNH:0
DA:3,3
DA:7,3
LF:2
LH:2
BRF:0
BRH:0
end_of_record
TN:
SF:client/src/mortgageComponents/ads/input/CustomSelect.jsx
FNF:0
FNH:0
DA:3,3
DA:10,3
DA:23,3
LF:3
LH:3
BRF:0
BRH:0
end_of_record
TN:
SF:client/src/mortgageComponents/ads/input/InputGrid.jsx
FNF:0
FNH:0
DA:3,3
LF:1
LH:1
BRF:0
BRH:0
end_of_record
TN:
SF:client/src/mortgageComponents/ads/input/LoanInput.jsx
FN:5,(anonymous_0)
FN:9,(anonymous_1)
FNF:2
FNH:1
FNDA:6,(anonymous_0)
FNDA:0,(anonymous_1)
DA:5,3
DA:6,6
DA:9,0
LF:3
LH:2
BRF:0
BRH:0
end_of_record
TN:
SF:client/src/mortgageComponents/ads/slider/Slider.jsx
FNF:0
FNH:0
DA:3,2
DA:11,2
LF:2
LH:2
BRF:0
BRH:0
end_of_record
TN:
SF:client/src/mortgageComponents/ads/slider/SliderBox.jsx
FNF:0
FNH:0
DA:3,2
DA:11,2
LF:2
LH:2
BRF:0
BRH:0
end_of_record
TN:
SF:client/src/mortgageComponents/paymentCalculator/PaymentCalculator.jsx
FN:8,(anonymous_0)
FNF:1
FNH:1
FNDA:2,(anonymous_0)
DA:8,1
DA:10,2
LF:2
LH:2
BRF:0
BRH:0
end_of_record
TN:
SF:client/src/mortgageComponents/paymentCalculator/PaymentInput.jsx
FN:13,(anonymous_0)
FN:35,(anonymous_1)
FN:61,(anonymous_2)
FN:75,(anonymous_3)
FN:89,(anonymous_4)
FN:100,(anonymous_5)
FN:109,(anonymous_6)
FN:114,(anonymous_7)
FN:119,(anonymous_8)
FN:125,(anonymous_9)
FNF:10
FNH:7
FNDA:6,(anonymous_0)
FNDA:17,(anonymous_1)
FNDA:0,(anonymous_2)
FNDA:0,(anonymous_3)
FNDA:0,(anonymous_4)
FNDA:42,(anonymous_5)
FNDA:2,(anonymous_6)
FNDA:2,(anonymous_7)
FNDA:2,(anonymous_8)
FNDA:23,(anonymous_9)
DA:14,6
DA:16,6
DA:27,6
DA:28,6
DA:29,6
DA:30,6
DA:31,6
DA:32,6
DA:36,17
DA:39,17
DA:41,17
DA:43,7
DA:44,4
DA:45,4
DA:46,4
DA:51,7
DA:52,7
DA:62,0
DA:63,0
DA:64,0
DA:65,0
DA:69,0
DA:70,0
DA:76,0
DA:77,0
DA:78,0
DA:79,0
DA:81,0
DA:85,0
DA:90,0
DA:91,0
DA:92,0
DA:93,0
DA:101,42
DA:106,42
DA:110,2
DA:111,2
DA:115,2
DA:116,2
DA:120,2
DA:121,2
DA:128,23
DA:129,23
LF:43
LH:27
BRDA:41,0,0,7
BRDA:41,0,1,10
BRDA:43,1,0,4
BRDA:43,1,1,3
BRDA:134,2,0,2
BRDA:134,2,1,21
BRDA:157,3,0,2
BRDA:157,3,1,21
BRDA:178,4,0,2
BRDA:178,4,1,21
BRF:10
BRH:10
end_of_record
TN:
SF:client/src/mortgageComponents/paymentCalculator/paymentStyles/InputContainer.jsx
FNF:0
FNH:0
DA:3,2
DA:15,2
LF:2
LH:2
BRF:0
BRH:0
end_of_record
TN:
SF:client/src/mortgageComponents/paymentCalculator/paymentStyles/PaymentContainer.jsx
FNF:0
FNH:0
DA:3,1
DA:9,1
LF:2
LH:2
BRF:0
BRH:0
end_of_record
TN:
SF:client/src/mortgageComponents/paymentCalculator/paymentStyles/Slider.jsx
FNF:0
FNH:0
DA:3,2
DA:10,2
LF:2
LH:2
BRF:0
BRH:0
end_of_record
TN:
SF:client/src/mortgageComponents/paymentCalculator/paymentStyles/TextBox.jsx
FN:3,(anonymous_0)
FN:8,(anonymous_1)
FNF:2
FNH:2
FNDA:69,(anonymous_0)
FNDA:69,(anonymous_1)
DA:3,69
DA:8,69
DA:13,2
LF:3
LH:3
BRF:0
BRH:0
end_of_record
